<?xml version="1.0" encoding="utf-8"?>
<coverage line-rate="0.9226000000000001" branch-rate="0.7826000000000001" version="1.9" timestamp="1783604830" lines-covered="358" lines-valid="388" branches-covered="72" branches-valid="92">
  <sources>
    <source>C:\Users\vwerle\Desktop\ORBITA AI\backend\src\Core\</source>
  </sources>
  <packages>
    <package name="OrbitaAI.Core" line-rate="0.9226000000000001" branch-rate="0.7826000000000001" complexity="208">
      <classes>
        <class name="OrbitaAI.Core.Infrastructure.DomainEventDispatcher" filename="Infrastructure\DomainEventDispatcher.cs" line-rate="1" branch-rate="0.5" complexity="5">
          <methods>
            <method name="PublishByRuntimeTypeAsync" signature="(OrbitaAI.Core.Domain.Events.IDomainEvent,System.Threading.CancellationToken)" line-rate="1" branch-rate="0.5" complexity="2">
              <lines>
                <line number="51" hits="2" branch="False" />
                <line number="52" hits="2" branch="False" />
                <line number="53" hits="2" branch="False" />
                <line number="54" hits="2" branch="False" />
                <line number="55" hits="1" branch="False" />
                <line number="56" hits="2" branch="False" />
                <line number="58" hits="2" branch="False" />
                <line number="59" hits="2" branch="True" condition-coverage="50% (1/2)">
                  <conditions>
                    <condition number="95" type="jump" coverage="50%" />
                  </conditions>
                </line>
                <line number="60" hits="2" branch="False" />
              </lines>
            </method>
            <method name=".ctor" signature="(OrbitaAI.Core.Services.IEventBus)" line-rate="1" branch-rate="1" complexity="1">
              <lines>
                <line number="27" hits="4" branch="False" />
                <line number="28" hits="4" branch="False" />
                <line number="29" hits="4" branch="False" />
                <line number="30" hits="3" branch="False" />
              </lines>
            </method>
            <method name=".cctor" signature="()" line-rate="1" branch-rate="0.5" complexity="2">
              <lines>
                <line number="21" hits="1" branch="False" />
                <line number="22" hits="1" branch="True" condition-coverage="50% (1/2)">
                  <conditions>
                    <condition number="31" type="jump" coverage="50%" />
                  </conditions>
                </line>
                <line number="23" hits="1" branch="False" />
              </lines>
            </method>
          </methods>
          <lines>
            <line number="51" hits="2" branch="False" />
            <line number="52" hits="2" branch="False" />
            <line number="53" hits="2" branch="False" />
            <line number="54" hits="2" branch="False" />
            <line number="55" hits="1" branch="False" />
            <line number="56" hits="2" branch="False" />
            <line number="58" hits="2" branch="False" />
            <line number="59" hits="2" branch="True" condition-coverage="50% (1/2)">
              <conditions>
                <condition number="95" type="jump" coverage="50%" />
              </conditions>
            </line>
            <line number="60" hits="2" branch="False" />
            <line number="27" hits="4" branch="False" />
            <line number="28" hits="4" branch="False" />
            <line number="29" hits="4" branch="False" />
            <line number="30" hits="3" branch="False" />
            <line number="21" hits="1" branch="False" />
            <line number="22" hits="1" branch="True" condition-coverage="50% (1/2)">
              <conditions>
                <condition number="31" type="jump" coverage="50%" />
              </conditions>
            </line>
            <line number="23" hits="1" branch="False" />
          </lines>
        </class>
        <class name="OrbitaAI.Core.Infrastructure.DomainEventDispatcher/&lt;DispatchAndClearAsync&gt;d__4" filename="Infrastructure\DomainEventDispatcher.cs" line-rate="1" branch-rate="1" complexity="4">
          <methods>
            <method name="MoveNext" signature="()" line-rate="1" branch-rate="1" complexity="4">
              <lines>
                <line number="34" hits="3" branch="False" />
                <line number="35" hits="3" branch="False" />
                <line number="37" hits="15" branch="True" condition-coverage="100% (2/2)">
                  <conditions>
                    <condition number="371" type="jump" coverage="100%" />
                  </conditions>
                </line>
                <line number="38" hits="3" branch="False" />
                <line number="39" hits="3" branch="False" />
                <line number="40" hits="3" branch="False" />
                <line number="42" hits="13" branch="True" condition-coverage="100% (2/2)">
                  <conditions>
                    <condition number="333" type="jump" coverage="100%" />
                  </conditions>
                </line>
                <line number="43" hits="2" branch="False" />
                <line number="44" hits="2" branch="False" />
                <line number="45" hits="2" branch="False" />
                <line number="46" hits="2" branch="False" />
                <line number="47" hits="3" branch="False" />
                <line number="48" hits="3" branch="False" />
              </lines>
            </method>
          </methods>
          <lines>
            <line number="34" hits="3" branch="False" />
            <line number="35" hits="3" branch="False" />
            <line number="37" hits="15" branch="True" condition-coverage="100% (2/2)">
              <conditions>
                <condition number="371" type="jump" coverage="100%" />
              </conditions>
            </line>
            <line number="38" hits="3" branch="False" />
            <line number="39" hits="3" branch="False" />
            <line number="40" hits="3" branch="False" />
            <line number="42" hits="13" branch="True" condition-coverage="100% (2/2)">
              <conditions>
                <condition number="333" type="jump" coverage="100%" />
              </conditions>
            </line>
            <line number="43" hits="2" branch="False" />
            <line number="44" hits="2" branch="False" />
            <line number="45" hits="2" branch="False" />
            <line number="46" hits="2" branch="False" />
            <line number="47" hits="3" branch="False" />
            <line number="48" hits="3" branch="False" />
          </lines>
        </class>
        <class name="OrbitaAI.Core.Infrastructure.GuidIdGenerator" filename="Infrastructure\GuidIdGenerator.cs" line-rate="1" branch-rate="1" complexity="1">
          <methods>
            <method name="NewId" signature="()" line-rate="1" branch-rate="1" complexity="1">
              <lines>
                <line number="9" hits="2" branch="False" />
              </lines>
            </method>
          </methods>
          <lines>
            <line number="9" hits="2" branch="False" />
          </lines>
        </class>
        <class name="OrbitaAI.Core.Infrastructure.InMemoryEventBus" filename="Infrastructure\InMemoryEventBus.cs" line-rate="1" branch-rate="1" complexity="7">
          <methods>
            <method name="Subscribe" signature="(System.Func`3&lt;TEvent,System.Threading.CancellationToken,System.Threading.Tasks.Task&gt;)" line-rate="1" branch-rate="1" complexity="2">
              <lines>
                <line number="42" hits="9" branch="False" />
                <line number="43" hits="9" branch="False" />
                <line number="48" hits="8" branch="False" />
                <line number="50" hits="8" branch="False" />
                <line number="51" hits="8" branch="False" />
                <line number="52" hits="8" branch="True" condition-coverage="100% (2/2)">
                  <conditions>
                    <condition number="98" type="jump" coverage="100%" />
                  </conditions>
                </line>
                <line number="53" hits="8" branch="False" />
                <line number="54" hits="15" branch="False" />
                <line number="55" hits="8" branch="False" />
                <line number="56" hits="8" branch="False" />
                <line number="58" hits="9" branch="False" />
                <line number="59" hits="8" branch="False" />
              </lines>
            </method>
            <method name="GetHandlersSnapshot" signature="(System.Type)" line-rate="1" branch-rate="1" complexity="2">
              <lines>
                <line number="62" hits="9" branch="False" />
                <line number="63" hits="9" branch="False" />
                <line number="64" hits="9" branch="False" />
                <line number="65" hits="9" branch="True" condition-coverage="100% (2/2)">
                  <conditions>
                    <condition number="34" type="jump" coverage="100%" />
                  </conditions>
                </line>
                <line number="66" hits="9" branch="False" />
                <line number="67" hits="9" branch="False" />
                <line number="69" hits="9" branch="False" />
              </lines>
            </method>
            <method name="Unsubscribe" signature="(System.Type,System.Func`3&lt;OrbitaAI.Core.Domain.Events.IDomainEvent,System.Threading.CancellationToken,System.Threading.Tasks.Task&gt;)" line-rate="1" branch-rate="1" complexity="2">
              <lines>
                <line number="72" hits="1" branch="False" />
                <line number="73" hits="1" branch="False" />
                <line number="74" hits="1" branch="False" />
                <line number="75" hits="1" branch="True" condition-coverage="100% (2/2)">
                  <conditions>
                    <condition number="36" type="jump" coverage="100%" />
                  </conditions>
                </line>
                <line number="76" hits="1" branch="False" />
                <line number="77" hits="1" branch="False" />
                <line number="78" hits="1" branch="False" />
                <line number="79" hits="1" branch="False" />
                <line number="80" hits="1" branch="False" />
              </lines>
            </method>
            <method name=".ctor" signature="()" line-rate="1" branch-rate="1" complexity="1">
              <lines>
                <line number="18" hits="10" branch="False" />
                <line number="19" hits="10" branch="False" />
              </lines>
            </method>
          </methods>
          <lines>
            <line number="42" hits="9" branch="False" />
            <line number="43" hits="9" branch="False" />
            <line number="48" hits="8" branch="False" />
            <line number="50" hits="8" branch="False" />
            <line number="51" hits="8" branch="False" />
            <line number="52" hits="8" branch="True" condition-coverage="100% (2/2)">
              <conditions>
                <condition number="98" type="jump" coverage="100%" />
              </conditions>
            </line>
            <line number="53" hits="8" branch="False" />
            <line number="54" hits="15" branch="False" />
            <line number="55" hits="8" branch="False" />
            <line number="56" hits="8" branch="False" />
            <line number="58" hits="9" branch="False" />
            <line number="59" hits="8" branch="False" />
            <line number="62" hits="9" branch="False" />
            <line number="63" hits="9" branch="False" />
            <line number="64" hits="9" branch="False" />
            <line number="65" hits="9" branch="True" condition-coverage="100% (2/2)">
              <conditions>
                <condition number="34" type="jump" coverage="100%" />
              </conditions>
            </line>
            <line number="66" hits="9" branch="False" />
            <line number="67" hits="9" branch="False" />
            <line number="69" hits="9" branch="False" />
            <line number="72" hits="1" branch="False" />
            <line number="73" hits="1" branch="False" />
            <line number="74" hits="1" branch="False" />
            <line number="75" hits="1" branch="True" condition-coverage="100% (2/2)">
              <conditions>
                <condition number="36" type="jump" coverage="100%" />
              </conditions>
            </line>
            <line number="76" hits="1" branch="False" />
            <line number="77" hits="1" branch="False" />
            <line number="78" hits="1" branch="False" />
            <line number="79" hits="1" branch="False" />
            <line number="80" hits="1" branch="False" />
            <line number="18" hits="10" branch="False" />
            <line number="19" hits="10" branch="False" />
          </lines>
        </class>
        <class name="OrbitaAI.Core.Infrastructure.InMemoryEventBus/Subscription" filename="Infrastructure\InMemoryEventBus.cs" line-rate="0.75" branch-rate="0.5" complexity="3">
          <methods>
            <method name="Dispose" signature="()" line-rate="0.7142000000000001" branch-rate="0.5" complexity="2">
              <lines>
                <line number="91" hits="1" branch="False" />
                <line number="92" hits="1" branch="True" condition-coverage="50% (1/2)">
                  <conditions>
                    <condition number="9" type="jump" coverage="50%" />
                  </conditions>
                </line>
                <line number="93" hits="0" branch="False" />
                <line number="94" hits="0" branch="False" />
                <line number="97" hits="1" branch="False" />
                <line number="98" hits="1" branch="False" />
                <line number="99" hits="1" branch="False" />
              </lines>
            </method>
            <method name=".ctor" signature="(System.Action)" line-rate="1" branch-rate="1" complexity="1">
              <lines>
                <line number="88" hits="16" branch="False" />
              </lines>
            </method>
          </methods>
          <lines>
            <line number="91" hits="1" branch="False" />
            <line number="92" hits="1" branch="True" condition-coverage="50% (1/2)">
              <conditions>
                <condition number="9" type="jump" coverage="50%" />
              </conditions>
            </line>
            <line number="93" hits="0" branch="False" />
            <line number="94" hits="0" branch="False" />
            <line number="97" hits="1" branch="False" />
            <line number="98" hits="1" branch="False" />
            <line number="99" hits="1" branch="False" />
            <line number="88" hits="16" branch="False" />
          </lines>
        </class>
        <class name="OrbitaAI.Core.Infrastructure.InMemoryEventBus/&lt;&gt;c__DisplayClass3_0`1" filename="Infrastructure\InMemoryEventBus.cs" line-rate="1" branch-rate="1" complexity="1">
          <methods>
            <method name="&lt;Subscribe&gt;g__WrappedHandler|0" signature="(OrbitaAI.Core.Domain.Events.IDomainEvent,System.Threading.CancellationToken)" line-rate="1" branch-rate="1" complexity="1">
              <lines>
                <line number="46" hits="5" branch="False" />
              </lines>
            </method>
          </methods>
          <lines>
            <line number="46" hits="5" branch="False" />
          </lines>
        </class>
        <class name="OrbitaAI.Core.Infrastructure.InMemoryEventBus/&lt;PublishAsync&gt;d__2`1" filename="Infrastructure\InMemoryEventBus.cs" line-rate="1" branch-rate="1" complexity="4">
          <methods>
            <method name="MoveNext" signature="()" line-rate="1" branch-rate="1" complexity="4">
              <lines>
                <line number="24" hits="9" branch="False" />
                <line number="25" hits="9" branch="False" />
                <line number="27" hits="9" branch="False" />
                <line number="28" hits="9" branch="True" condition-coverage="100% (2/2)">
                  <conditions>
                    <condition number="75" type="jump" coverage="100%" />
                  </conditions>
                </line>
                <line number="29" hits="4" branch="False" />
                <line number="30" hits="4" branch="False" />
                <line number="33" hits="26" branch="True" condition-coverage="100% (2/2)">
                  <conditions>
                    <condition number="291" type="jump" coverage="100%" />
                  </conditions>
                </line>
                <line number="34" hits="6" branch="False" />
                <line number="35" hits="6" branch="False" />
                <line number="36" hits="5" branch="False" />
                <line number="37" hits="5" branch="False" />
                <line number="38" hits="8" branch="False" />
              </lines>
            </method>
          </methods>
          <lines>
            <line number="24" hits="9" branch="False" />
            <line number="25" hits="9" branch="False" />
            <line number="27" hits="9" branch="False" />
            <line number="28" hits="9" branch="True" condition-coverage="100% (2/2)">
              <conditions>
                <condition number="75" type="jump" coverage="100%" />
              </conditions>
            </line>
            <line number="29" hits="4" branch="False" />
            <line number="30" hits="4" branch="False" />
            <line number="33" hits="26" branch="True" condition-coverage="100% (2/2)">
              <conditions>
                <condition number="291" type="jump" coverage="100%" />
              </conditions>
            </line>
            <line number="34" hits="6" branch="False" />
            <line number="35" hits="6" branch="False" />
            <line number="36" hits="5" branch="False" />
            <line number="37" hits="5" branch="False" />
            <line number="38" hits="8" branch="False" />
          </lines>
        </class>
        <class name="OrbitaAI.Core.Infrastructure.SystemClock" filename="Infrastructure\SystemClock.cs" line-rate="1" branch-rate="1" complexity="1">
          <methods>
            <method name="get_UtcNow" signature="()" line-rate="1" branch-rate="1" complexity="1">
              <lines>
                <line number="9" hits="1" branch="False" />
              </lines>
            </method>
          </methods>
          <lines>
            <line number="9" hits="1" branch="False" />
          </lines>
        </class>
        <class name="OrbitaAI.Core.Domain.AggregateRoot`1" filename="Domain\AggregateRoot.cs" line-rate="1" branch-rate="1" complexity="4">
          <methods>
            <method name="get_DomainEvents" signature="()" line-rate="1" branch-rate="1" complexity="1">
              <lines>
                <line number="19" hits="8" branch="False" />
              </lines>
            </method>
            <method name="AddDomainEvent" signature="(OrbitaAI.Core.Domain.Events.IDomainEvent)" line-rate="1" branch-rate="1" complexity="1">
              <lines>
                <line number="26" hits="4" branch="False" />
                <line number="27" hits="4" branch="False" />
                <line number="28" hits="4" branch="False" />
                <line number="29" hits="4" branch="False" />
              </lines>
            </method>
            <method name="ClearDomainEvents" signature="()" line-rate="1" branch-rate="1" complexity="1">
              <lines>
                <line number="32" hits="4" branch="False" />
              </lines>
            </method>
            <method name=".ctor" signature="()" line-rate="1" branch-rate="1" complexity="1">
              <lines>
                <line number="16" hits="31" branch="False" />
              </lines>
            </method>
          </methods>
          <lines>
            <line number="19" hits="8" branch="False" />
            <line number="26" hits="4" branch="False" />
            <line number="27" hits="4" branch="False" />
            <line number="28" hits="4" branch="False" />
            <line number="29" hits="4" branch="False" />
            <line number="32" hits="4" branch="False" />
            <line number="16" hits="31" branch="False" />
          </lines>
        </class>
        <class name="OrbitaAI.Core.Domain.Entity`1" filename="Domain\Entity.cs" line-rate="0.7646999999999999" branch-rate="0.625" complexity="12">
          <methods>
            <method name="get_Id" signature="()" line-rate="1" branch-rate="1" complexity="1">
              <lines>
                <line number="14" hits="109" branch="False" />
              </lines>
            </method>
            <method name="Equals" signature="(OrbitaAI.Core.Domain.Entity`1&lt;TId&gt;)" line-rate="0.6666" branch-rate="0.6666" complexity="6">
              <lines>
                <line number="18" hits="6" branch="False" />
                <line number="19" hits="6" branch="True" condition-coverage="100% (2/2)">
                  <conditions>
                    <condition number="7" type="jump" coverage="100%" />
                  </conditions>
                </line>
                <line number="20" hits="1" branch="False" />
                <line number="21" hits="1" branch="False" />
                <line number="24" hits="5" branch="True" condition-coverage="50% (1/2)">
                  <conditions>
                    <condition number="20" type="jump" coverage="50%" />
                  </conditions>
                </line>
                <line number="25" hits="0" branch="False" />
                <line number="26" hits="0" branch="False" />
                <line number="29" hits="5" branch="True" condition-coverage="50% (1/2)">
                  <conditions>
                    <condition number="46" type="jump" coverage="50%" />
                  </conditions>
                </line>
                <line number="30" hits="0" branch="False" />
                <line number="31" hits="0" branch="False" />
                <line number="34" hits="5" branch="False" />
                <line number="35" hits="6" branch="False" />
              </lines>
            </method>
            <method name="Equals" signature="(System.Object)" line-rate="1" branch-rate="1" complexity="1">
              <lines>
                <line number="38" hits="3" branch="False" />
              </lines>
            </method>
            <method name="GetHashCode" signature="()" line-rate="1" branch-rate="1" complexity="1">
              <lines>
                <line number="41" hits="2" branch="False" />
              </lines>
            </method>
            <method name="op_Equality" signature="(OrbitaAI.Core.Domain.Entity`1&lt;TId&gt;,OrbitaAI.Core.Domain.Entity`1&lt;TId&gt;)" line-rate="1" branch-rate="0.5" complexity="2">
              <lines>
                <line number="44" hits="2" branch="True" condition-coverage="50% (1/2)">
                  <conditions>
                    <condition number="1" type="jump" coverage="50%" />
                  </conditions>
                </line>
              </lines>
            </method>
            <method name="op_Inequality" signature="(OrbitaAI.Core.Domain.Entity`1&lt;TId&gt;,OrbitaAI.Core.Domain.Entity`1&lt;TId&gt;)" line-rate="1" branch-rate="1" complexity="1">
              <lines>
                <line number="46" hits="1" branch="False" />
              </lines>
            </method>
          </methods>
          <lines>
            <line number="14" hits="109" branch="False" />
            <line number="18" hits="6" branch="False" />
            <line number="19" hits="6" branch="True" condition-coverage="100% (2/2)">
              <conditions>
                <condition number="7" type="jump" coverage="100%" />
              </conditions>
            </line>
            <line number="20" hits="1" branch="False" />
            <line number="21" hits="1" branch="False" />
            <line number="24" hits="5" branch="True" condition-coverage="50% (1/2)">
              <conditions>
                <condition number="20" type="jump" coverage="50%" />
              </conditions>
            </line>
            <line number="25" hits="0" branch="False" />
            <line number="26" hits="0" branch="False" />
            <line number="29" hits="5" branch="True" condition-coverage="50% (1/2)">
              <conditions>
                <condition number="46" type="jump" coverage="50%" />
              </conditions>
            </line>
            <line number="30" hits="0" branch="False" />
            <line number="31" hits="0" branch="False" />
            <line number="34" hits="5" branch="False" />
            <line number="35" hits="6" branch="False" />
            <line number="38" hits="3" branch="False" />
            <line number="41" hits="2" branch="False" />
            <line number="44" hits="2" branch="True" condition-coverage="50% (1/2)">
              <conditions>
                <condition number="1" type="jump" coverage="50%" />
              </conditions>
            </line>
            <line number="46" hits="1" branch="False" />
          </lines>
        </class>
        <class name="OrbitaAI.Core.Domain.OrganizationGuard" filename="Domain\OrganizationGuard.cs" line-rate="1" branch-rate="1" complexity="6">
          <methods>
            <method name="EnsureBelongsTo" signature="(OrbitaAI.Core.Domain.IOrganizationScoped,System.Guid)" line-rate="1" branch-rate="1" complexity="2">
              <lines>
                <line number="19" hits="6" branch="False" />
                <line number="20" hits="6" branch="False" />
                <line number="22" hits="6" branch="True" condition-coverage="100% (2/2)">
                  <conditions>
                    <condition number="27" type="jump" coverage="100%" />
                  </conditions>
                </line>
                <line number="23" hits="2" branch="False" />
                <line number="24" hits="2" branch="False" />
                <line number="26" hits="4" branch="False" />
              </lines>
            </method>
            <method name="EnsureSameOrganization" signature="(OrbitaAI.Core.Domain.IOrganizationScoped,OrbitaAI.Core.Domain.IOrganizationScoped)" line-rate="1" branch-rate="1" complexity="2">
              <lines>
                <line number="33" hits="2" branch="False" />
                <line number="34" hits="2" branch="False" />
                <line number="35" hits="2" branch="False" />
                <line number="37" hits="2" branch="True" condition-coverage="100% (2/2)">
                  <conditions>
                    <condition number="44" type="jump" coverage="100%" />
                  </conditions>
                </line>
                <line number="38" hits="1" branch="False" />
                <line number="39" hits="1" branch="False" />
                <line number="41" hits="1" branch="False" />
              </lines>
            </method>
            <method name="EnsureAllBelongTo" signature="(System.Collections.Generic.IEnumerable`1&lt;OrbitaAI.Core.Domain.IOrganizationScoped&gt;,System.Guid)" line-rate="1" branch-rate="1" complexity="2">
              <lines>
                <line number="49" hits="2" branch="False" />
                <line number="50" hits="2" branch="False" />
                <line number="52" hits="13" branch="True" condition-coverage="100% (2/2)">
                  <conditions>
                    <condition number="46" type="jump" coverage="100%" />
                  </conditions>
                </line>
                <line number="53" hits="4" branch="False" />
                <line number="54" hits="4" branch="False" />
                <line number="55" hits="3" branch="False" />
                <line number="56" hits="1" branch="False" />
              </lines>
            </method>
          </methods>
          <lines>
            <line number="19" hits="6" branch="False" />
            <line number="20" hits="6" branch="False" />
            <line number="22" hits="6" branch="True" condition-coverage="100% (2/2)">
              <conditions>
                <condition number="27" type="jump" coverage="100%" />
              </conditions>
            </line>
            <line number="23" hits="2" branch="False" />
            <line number="24" hits="2" branch="False" />
            <line number="26" hits="4" branch="False" />
            <line number="33" hits="2" branch="False" />
            <line number="34" hits="2" branch="False" />
            <line number="35" hits="2" branch="False" />
            <line number="37" hits="2" branch="True" condition-coverage="100% (2/2)">
              <conditions>
                <condition number="44" type="jump" coverage="100%" />
              </conditions>
            </line>
            <line number="38" hits="1" branch="False" />
            <line number="39" hits="1" branch="False" />
            <line number="41" hits="1" branch="False" />
            <line number="49" hits="2" branch="False" />
            <line number="50" hits="2" branch="False" />
            <line number="52" hits="13" branch="True" condition-coverage="100% (2/2)">
              <conditions>
                <condition number="46" type="jump" coverage="100%" />
              </conditions>
            </line>
            <line number="53" hits="4" branch="False" />
            <line number="54" hits="4" branch="False" />
            <line number="55" hits="3" branch="False" />
            <line number="56" hits="1" branch="False" />
          </lines>
        </class>
        <class name="OrbitaAI.Core.Domain.ValueObject" filename="Domain\ValueObject.cs" line-rate="0.9129999999999999" branch-rate="0.8" complexity="12">
          <methods>
            <method name="Equals" signature="(OrbitaAI.Core.Domain.ValueObject)" line-rate="0.8332999999999999" branch-rate="0.8332999999999999" complexity="6">
              <lines>
                <line number="19" hits="7" branch="False" />
                <line number="20" hits="7" branch="True" condition-coverage="100% (2/2)">
                  <conditions>
                    <condition number="7" type="jump" coverage="100%" />
                  </conditions>
                </line>
                <line number="21" hits="2" branch="False" />
                <line number="22" hits="2" branch="False" />
                <line number="25" hits="5" branch="True" condition-coverage="100% (2/2)">
                  <conditions>
                    <condition number="20" type="jump" coverage="100%" />
                  </conditions>
                </line>
                <line number="26" hits="1" branch="False" />
                <line number="27" hits="1" branch="False" />
                <line number="30" hits="4" branch="True" condition-coverage="50% (1/2)">
                  <conditions>
                    <condition number="46" type="jump" coverage="50%" />
                  </conditions>
                </line>
                <line number="31" hits="0" branch="False" />
                <line number="32" hits="0" branch="False" />
                <line number="35" hits="4" branch="False" />
                <line number="36" hits="7" branch="False" />
              </lines>
            </method>
            <method name="Equals" signature="(System.Object)" line-rate="1" branch-rate="1" complexity="1">
              <lines>
                <line number="39" hits="2" branch="False" />
              </lines>
            </method>
            <method name="GetHashCode" signature="()" line-rate="1" branch-rate="1" complexity="2">
              <lines>
                <line number="43" hits="2" branch="False" />
                <line number="44" hits="2" branch="False" />
                <line number="45" hits="14" branch="True" condition-coverage="100% (2/2)">
                  <conditions>
                    <condition number="48" type="jump" coverage="100%" />
                  </conditions>
                </line>
                <line number="46" hits="4" branch="False" />
                <line number="47" hits="4" branch="False" />
                <line number="48" hits="4" branch="False" />
                <line number="50" hits="2" branch="False" />
                <line number="51" hits="2" branch="False" />
              </lines>
            </method>
            <method name="op_Equality" signature="(OrbitaAI.Core.Domain.ValueObject,OrbitaAI.Core.Domain.ValueObject)" line-rate="1" branch-rate="0.5" complexity="2">
              <lines>
                <line number="54" hits="3" branch="True" condition-coverage="50% (1/2)">
                  <conditions>
                    <condition number="1" type="jump" coverage="50%" />
                  </conditions>
                </line>
              </lines>
            </method>
            <method name="op_Inequality" signature="(OrbitaAI.Core.Domain.ValueObject,OrbitaAI.Core.Domain.ValueObject)" line-rate="1" branch-rate="1" complexity="1">
              <lines>
                <line number="56" hits="1" branch="False" />
              </lines>
            </method>
          </methods>
          <lines>
            <line number="19" hits="7" branch="False" />
            <line number="20" hits="7" branch="True" condition-coverage="100% (2/2)">
              <conditions>
                <condition number="7" type="jump" coverage="100%" />
              </conditions>
            </line>
            <line number="21" hits="2" branch="False" />
            <line number="22" hits="2" branch="False" />
            <line number="25" hits="5" branch="True" condition-coverage="100% (2/2)">
              <conditions>
                <condition number="20" type="jump" coverage="100%" />
              </conditions>
            </line>
            <line number="26" hits="1" branch="False" />
            <line number="27" hits="1" branch="False" />
            <line number="30" hits="4" branch="True" condition-coverage="50% (1/2)">
              <conditions>
                <condition number="46" type="jump" coverage="50%" />
              </conditions>
            </line>
            <line number="31" hits="0" branch="False" />
            <line number="32" hits="0" branch="False" />
            <line number="35" hits="4" branch="False" />
            <line number="36" hits="7" branch="False" />
            <line number="39" hits="2" branch="False" />
            <line number="43" hits="2" branch="False" />
            <line number="44" hits="2" branch="False" />
            <line number="45" hits="14" branch="True" condition-coverage="100% (2/2)">
              <conditions>
                <condition number="48" type="jump" coverage="100%" />
              </conditions>
            </line>
            <line number="46" hits="4" branch="False" />
            <line number="47" hits="4" branch="False" />
            <line number="48" hits="4" branch="False" />
            <line number="50" hits="2" branch="False" />
            <line number="51" hits="2" branch="False" />
            <line number="54" hits="3" branch="True" condition-coverage="50% (1/2)">
              <conditions>
                <condition number="1" type="jump" coverage="50%" />
              </conditions>
            </line>
            <line number="56" hits="1" branch="False" />
          </lines>
        </class>
        <class name="OrbitaAI.Core.Domain.Specifications.AndSpecification`1" filename="Domain\Specifications\AndSpecification.cs" line-rate="1" branch-rate="0.5" complexity="5">
          <methods>
            <method name="ToExpression" signature="()" line-rate="1" branch-rate="1" complexity="1">
              <lines>
                <line number="18" hits="4" branch="False" />
                <line number="19" hits="4" branch="False" />
                <line number="20" hits="4" branch="False" />
                <line number="22" hits="4" branch="False" />
                <line number="23" hits="4" branch="False" />
                <line number="25" hits="4" branch="False" />
                <line number="26" hits="4" branch="False" />
                <line number="27" hits="4" branch="False" />
              </lines>
            </method>
            <method name=".ctor" signature="(OrbitaAI.Core.Domain.Specifications.Specification`1&lt;TEntity&gt;,OrbitaAI.Core.Domain.Specifications.Specification`1&lt;TEntity&gt;)" line-rate="1" branch-rate="0.5" complexity="4">
              <lines>
                <line number="11" hits="2" branch="False" />
                <line number="12" hits="2" branch="False" />
                <line number="13" hits="2" branch="True" condition-coverage="50% (1/2)">
                  <conditions>
                    <condition number="11" type="jump" coverage="50%" />
                  </conditions>
                </line>
                <line number="14" hits="2" branch="True" condition-coverage="50% (1/2)">
                  <conditions>
                    <condition number="33" type="jump" coverage="50%" />
                  </conditions>
                </line>
                <line number="15" hits="2" branch="False" />
              </lines>
            </method>
          </methods>
          <lines>
            <line number="18" hits="4" branch="False" />
            <line number="19" hits="4" branch="False" />
            <line number="20" hits="4" branch="False" />
            <line number="22" hits="4" branch="False" />
            <line number="23" hits="4" branch="False" />
            <line number="25" hits="4" branch="False" />
            <line number="26" hits="4" branch="False" />
            <line number="27" hits="4" branch="False" />
            <line number="11" hits="2" branch="False" />
            <line number="12" hits="2" branch="False" />
            <line number="13" hits="2" branch="True" condition-coverage="50% (1/2)">
              <conditions>
                <condition number="11" type="jump" coverage="50%" />
              </conditions>
            </line>
            <line number="14" hits="2" branch="True" condition-coverage="50% (1/2)">
              <conditions>
                <condition number="33" type="jump" coverage="50%" />
              </conditions>
            </line>
            <line number="15" hits="2" branch="False" />
          </lines>
        </class>
        <class name="OrbitaAI.Core.Domain.Specifications.NotSpecification`1" filename="Domain\Specifications\NotSpecification.cs" line-rate="1" branch-rate="0.5" complexity="3">
          <methods>
            <method name="ToExpression" signature="()" line-rate="1" branch-rate="1" complexity="1">
              <lines>
                <line number="16" hits="2" branch="False" />
                <line number="17" hits="2" branch="False" />
                <line number="18" hits="2" branch="False" />
                <line number="19" hits="2" branch="False" />
                <line number="20" hits="2" branch="False" />
              </lines>
            </method>
            <method name=".ctor" signature="(OrbitaAI.Core.Domain.Specifications.Specification`1&lt;TEntity&gt;)" line-rate="1" branch-rate="0.5" complexity="2">
              <lines>
                <line number="10" hits="1" branch="False" />
                <line number="11" hits="1" branch="False" />
                <line number="12" hits="1" branch="True" condition-coverage="50% (1/2)">
                  <conditions>
                    <condition number="11" type="jump" coverage="50%" />
                  </conditions>
                </line>
                <line number="13" hits="1" branch="False" />
              </lines>
            </method>
          </methods>
          <lines>
            <line number="16" hits="2" branch="False" />
            <line number="17" hits="2" branch="False" />
            <line number="18" hits="2" branch="False" />
            <line number="19" hits="2" branch="False" />
            <line number="20" hits="2" branch="False" />
            <line number="10" hits="1" branch="False" />
            <line number="11" hits="1" branch="False" />
            <line number="12" hits="1" branch="True" condition-coverage="50% (1/2)">
              <conditions>
                <condition number="11" type="jump" coverage="50%" />
              </conditions>
            </line>
            <line number="13" hits="1" branch="False" />
          </lines>
        </class>
        <class name="OrbitaAI.Core.Domain.Specifications.OrSpecification`1" filename="Domain\Specifications\OrSpecification.cs" line-rate="1" branch-rate="0.5" complexity="5">
          <methods>
            <method name="ToExpression" signature="()" line-rate="1" branch-rate="1" complexity="1">
              <lines>
                <line number="18" hits="3" branch="False" />
                <line number="19" hits="3" branch="False" />
                <line number="20" hits="3" branch="False" />
                <line number="22" hits="3" branch="False" />
                <line number="23" hits="3" branch="False" />
                <line number="25" hits="3" branch="False" />
                <line number="26" hits="3" branch="False" />
                <line number="27" hits="3" branch="False" />
              </lines>
            </method>
            <method name=".ctor" signature="(OrbitaAI.Core.Domain.Specifications.Specification`1&lt;TEntity&gt;,OrbitaAI.Core.Domain.Specifications.Specification`1&lt;TEntity&gt;)" line-rate="1" branch-rate="0.5" complexity="4">
              <lines>
                <line number="11" hits="1" branch="False" />
                <line number="12" hits="1" branch="False" />
                <line number="13" hits="1" branch="True" condition-coverage="50% (1/2)">
                  <conditions>
                    <condition number="11" type="jump" coverage="50%" />
                  </conditions>
                </line>
                <line number="14" hits="1" branch="True" condition-coverage="50% (1/2)">
                  <conditions>
                    <condition number="33" type="jump" coverage="50%" />
                  </conditions>
                </line>
                <line number="15" hits="1" branch="False" />
              </lines>
            </method>
          </methods>
          <lines>
            <line number="18" hits="3" branch="False" />
            <line number="19" hits="3" branch="False" />
            <line number="20" hits="3" branch="False" />
            <line number="22" hits="3" branch="False" />
            <line number="23" hits="3" branch="False" />
            <line number="25" hits="3" branch="False" />
            <line number="26" hits="3" branch="False" />
            <line number="27" hits="3" branch="False" />
            <line number="11" hits="1" branch="False" />
            <line number="12" hits="1" branch="False" />
            <line number="13" hits="1" branch="True" condition-coverage="50% (1/2)">
              <conditions>
                <condition number="11" type="jump" coverage="50%" />
              </conditions>
            </line>
            <line number="14" hits="1" branch="True" condition-coverage="50% (1/2)">
              <conditions>
                <condition number="33" type="jump" coverage="50%" />
              </conditions>
            </line>
            <line number="15" hits="1" branch="False" />
          </lines>
        </class>
        <class name="OrbitaAI.Core.Domain.Specifications.ParameterReplacerVisitor" filename="Domain\Specifications\ParameterReplacerVisitor.cs" line-rate="1" branch-rate="0.5" complexity="4">
          <methods>
            <method name="Replace" signature="(System.Linq.Expressions.Expression,System.Linq.Expressions.ParameterExpression,System.Linq.Expressions.ParameterExpression)" line-rate="1" branch-rate="1" complexity="1">
              <lines>
                <line number="24" hits="7" branch="False" />
              </lines>
            </method>
            <method name="VisitParameter" signature="(System.Linq.Expressions.ParameterExpression)" line-rate="1" branch-rate="0.5" complexity="2">
              <lines>
                <line number="26" hits="7" branch="True" condition-coverage="50% (1/2)">
                  <conditions>
                    <condition number="7" type="jump" coverage="50%" />
                  </conditions>
                </line>
              </lines>
            </method>
            <method name=".ctor" signature="(System.Linq.Expressions.ParameterExpression,System.Linq.Expressions.ParameterExpression)" line-rate="1" branch-rate="1" complexity="1">
              <lines>
                <line number="17" hits="7" branch="False" />
                <line number="18" hits="7" branch="False" />
                <line number="19" hits="7" branch="False" />
                <line number="20" hits="7" branch="False" />
                <line number="21" hits="7" branch="False" />
              </lines>
            </method>
          </methods>
          <lines>
            <line number="24" hits="7" branch="False" />
            <line number="26" hits="7" branch="True" condition-coverage="50% (1/2)">
              <conditions>
                <condition number="7" type="jump" coverage="50%" />
              </conditions>
            </line>
            <line number="17" hits="7" branch="False" />
            <line number="18" hits="7" branch="False" />
            <line number="19" hits="7" branch="False" />
            <line number="20" hits="7" branch="False" />
            <line number="21" hits="7" branch="False" />
          </lines>
        </class>
        <class name="OrbitaAI.Core.Domain.Specifications.Specification`1" filename="Domain\Specifications\Specification.cs" line-rate="1" branch-rate="1" complexity="4">
          <methods>
            <method name="IsSatisfiedBy" signature="(TEntity)" line-rate="1" branch-rate="1" complexity="1">
              <lines>
                <line number="19" hits="10" branch="False" />
              </lines>
            </method>
            <method name="And" signature="(OrbitaAI.Core.Domain.Specifications.Specification`1&lt;TEntity&gt;)" line-rate="1" branch-rate="1" complexity="1">
              <lines>
                <line number="22" hits="2" branch="False" />
              </lines>
            </method>
            <method name="Or" signature="(OrbitaAI.Core.Domain.Specifications.Specification`1&lt;TEntity&gt;)" line-rate="1" branch-rate="1" complexity="1">
              <lines>
                <line number="25" hits="1" branch="False" />
              </lines>
            </method>
            <method name="Not" signature="()" line-rate="1" branch-rate="1" complexity="1">
              <lines>
                <line number="28" hits="1" branch="False" />
              </lines>
            </method>
          </methods>
          <lines>
            <line number="19" hits="10" branch="False" />
            <line number="22" hits="2" branch="False" />
            <line number="25" hits="1" branch="False" />
            <line number="28" hits="1" branch="False" />
          </lines>
        </class>
        <class name="OrbitaAI.Core.Domain.Exceptions.DomainException" filename="Domain\Exceptions\DomainException.cs" line-rate="0.5" branch-rate="1" complexity="2">
          <methods>
            <method name=".ctor" signature="(System.String)" line-rate="1" branch-rate="1" complexity="1">
              <lines>
                <line number="12" hits="8" branch="False" />
                <line number="13" hits="8" branch="False" />
                <line number="14" hits="8" branch="False" />
              </lines>
            </method>
            <method name=".ctor" signature="(System.String,System.Exception)" line-rate="0" branch-rate="1" complexity="1">
              <lines>
                <line number="16" hits="0" branch="False" />
                <line number="17" hits="0" branch="False" />
                <line number="18" hits="0" branch="False" />
              </lines>
            </method>
          </methods>
          <lines>
            <line number="12" hits="8" branch="False" />
            <line number="13" hits="8" branch="False" />
            <line number="14" hits="8" branch="False" />
            <line number="16" hits="0" branch="False" />
            <line number="17" hits="0" branch="False" />
            <line number="18" hits="0" branch="False" />
          </lines>
        </class>
        <class name="OrbitaAI.Core.Domain.Exceptions.DomainRuleViolationException" filename="Domain\Exceptions\DomainRuleViolationException.cs" line-rate="1" branch-rate="1" complexity="2">
          <methods>
            <method name="get_RuleCode" signature="()" line-rate="1" branch-rate="1" complexity="1">
              <lines>
                <line number="13" hits="1" branch="False" />
              </lines>
            </method>
            <method name=".ctor" signature="(System.String,System.String)" line-rate="1" branch-rate="1" complexity="1">
              <lines>
                <line number="15" hits="4" branch="False" />
                <line number="16" hits="4" branch="False" />
                <line number="17" hits="4" branch="False" />
                <line number="18" hits="1" branch="False" />
                <line number="19" hits="1" branch="False" />
              </lines>
            </method>
          </methods>
          <lines>
            <line number="13" hits="1" branch="False" />
            <line number="15" hits="4" branch="False" />
            <line number="16" hits="4" branch="False" />
            <line number="17" hits="4" branch="False" />
            <line number="18" hits="1" branch="False" />
            <line number="19" hits="1" branch="False" />
          </lines>
        </class>
        <class name="OrbitaAI.Core.Domain.Exceptions.OrganizationMismatchException" filename="Domain\Exceptions\OrganizationMismatchException.cs" line-rate="1" branch-rate="1" complexity="3">
          <methods>
            <method name="get_ExpectedOrganizationId" signature="()" line-rate="1" branch-rate="1" complexity="1">
              <lines>
                <line number="13" hits="2" branch="False" />
              </lines>
            </method>
            <method name="get_ActualOrganizationId" signature="()" line-rate="1" branch-rate="1" complexity="1">
              <lines>
                <line number="16" hits="2" branch="False" />
              </lines>
            </method>
            <method name=".ctor" signature="(System.Guid,System.Guid)" line-rate="1" branch-rate="1" complexity="1">
              <lines>
                <line number="19" hits="4" branch="False" />
                <line number="20" hits="4" branch="False" />
                <line number="21" hits="4" branch="False" />
                <line number="22" hits="4" branch="False" />
                <line number="23" hits="4" branch="False" />
                <line number="24" hits="4" branch="False" />
                <line number="25" hits="4" branch="False" />
              </lines>
            </method>
          </methods>
          <lines>
            <line number="13" hits="2" branch="False" />
            <line number="16" hits="2" branch="False" />
            <line number="19" hits="4" branch="False" />
            <line number="20" hits="4" branch="False" />
            <line number="21" hits="4" branch="False" />
            <line number="22" hits="4" branch="False" />
            <line number="23" hits="4" branch="False" />
            <line number="24" hits="4" branch="False" />
            <line number="25" hits="4" branch="False" />
          </lines>
        </class>
        <class name="OrbitaAI.Core.Domain.Entities.Alert" filename="Domain\Entities\Alert.cs" line-rate="1" branch-rate="1" complexity="3">
          <methods>
            <method name="get_OrganizationId" signature="()" line-rate="1" branch-rate="1" complexity="1">
              <lines>
                <line number="13" hits="2" branch="False" />
              </lines>
            </method>
            <method name="get_Priority" signature="()" line-rate="1" branch-rate="1" complexity="1">
              <lines>
                <line number="15" hits="1" branch="False" />
              </lines>
            </method>
            <method name="get_Status" signature="()" line-rate="1" branch-rate="1" complexity="1">
              <lines>
                <line number="17" hits="1" branch="False" />
              </lines>
            </method>
          </methods>
          <lines>
            <line number="13" hits="2" branch="False" />
            <line number="15" hits="1" branch="False" />
            <line number="17" hits="1" branch="False" />
          </lines>
        </class>
        <class name="OrbitaAI.Core.Domain.Entities.Customer" filename="Domain\Entities\Customer.cs" line-rate="0.6666" branch-rate="1" complexity="3">
          <methods>
            <method name="get_OrganizationId" signature="()" line-rate="1" branch-rate="1" complexity="1">
              <lines>
                <line number="13" hits="20" branch="False" />
              </lines>
            </method>
            <method name="get_Name" signature="()" line-rate="1" branch-rate="1" complexity="1">
              <lines>
                <line number="15" hits="8" branch="False" />
              </lines>
            </method>
            <method name="get_IsKeyAccount" signature="()" line-rate="0" branch-rate="1" complexity="1">
              <lines>
                <line number="17" hits="0" branch="False" />
              </lines>
            </method>
          </methods>
          <lines>
            <line number="13" hits="20" branch="False" />
            <line number="15" hits="8" branch="False" />
            <line number="17" hits="0" branch="False" />
          </lines>
        </class>
        <class name="OrbitaAI.Core.Domain.Entities.Forecast" filename="Domain\Entities\Forecast.cs" line-rate="1" branch-rate="1" complexity="2">
          <methods>
            <method name="get_OrganizationId" signature="()" line-rate="1" branch-rate="1" complexity="1">
              <lines>
                <line number="13" hits="2" branch="False" />
              </lines>
            </method>
            <method name="get_ObjectiveId" signature="()" line-rate="1" branch-rate="1" complexity="1">
              <lines>
                <line number="15" hits="1" branch="False" />
              </lines>
            </method>
          </methods>
          <lines>
            <line number="13" hits="2" branch="False" />
            <line number="15" hits="1" branch="False" />
          </lines>
        </class>
        <class name="OrbitaAI.Core.Domain.Entities.HistoryEntry" filename="Domain\Entities\HistoryEntry.cs" line-rate="1" branch-rate="1" complexity="2">
          <methods>
            <method name="get_OrganizationId" signature="()" line-rate="1" branch-rate="1" complexity="1">
              <lines>
                <line number="13" hits="2" branch="False" />
              </lines>
            </method>
            <method name="get_RecordedAt" signature="()" line-rate="1" branch-rate="1" complexity="1">
              <lines>
                <line number="15" hits="1" branch="False" />
              </lines>
            </method>
          </methods>
          <lines>
            <line number="13" hits="2" branch="False" />
            <line number="15" hits="1" branch="False" />
          </lines>
        </class>
        <class name="OrbitaAI.Core.Domain.Entities.Import" filename="Domain\Entities\Import.cs" line-rate="1" branch-rate="1" complexity="3">
          <methods>
            <method name="get_OrganizationId" signature="()" line-rate="1" branch-rate="1" complexity="1">
              <lines>
                <line number="12" hits="2" branch="False" />
              </lines>
            </method>
            <method name="get_Mode" signature="()" line-rate="1" branch-rate="1" complexity="1">
              <lines>
                <line number="14" hits="1" branch="False" />
              </lines>
            </method>
            <method name="get_Status" signature="()" line-rate="1" branch-rate="1" complexity="1">
              <lines>
                <line number="16" hits="1" branch="False" />
              </lines>
            </method>
          </methods>
          <lines>
            <line number="12" hits="2" branch="False" />
            <line number="14" hits="1" branch="False" />
            <line number="16" hits="1" branch="False" />
          </lines>
        </class>
        <class name="OrbitaAI.Core.Domain.Entities.Invoice" filename="Domain\Entities\Invoice.cs" line-rate="0.6666" branch-rate="1" complexity="3">
          <methods>
            <method name="get_OrganizationId" signature="()" line-rate="1" branch-rate="1" complexity="1">
              <lines>
                <line number="13" hits="5" branch="False" />
              </lines>
            </method>
            <method name="get_CustomerId" signature="()" line-rate="1" branch-rate="1" complexity="1">
              <lines>
                <line number="15" hits="2" branch="False" />
              </lines>
            </method>
            <method name="get_SalesRepresentativeId" signature="()" line-rate="0" branch-rate="1" complexity="1">
              <lines>
                <line number="17" hits="0" branch="False" />
              </lines>
            </method>
          </methods>
          <lines>
            <line number="13" hits="5" branch="False" />
            <line number="15" hits="2" branch="False" />
            <line number="17" hits="0" branch="False" />
          </lines>
        </class>
        <class name="OrbitaAI.Core.Domain.Entities.License" filename="Domain\Entities\License.cs" line-rate="1" branch-rate="1" complexity="2">
          <methods>
            <method name="get_OrganizationId" signature="()" line-rate="1" branch-rate="1" complexity="1">
              <lines>
                <line number="13" hits="2" branch="False" />
              </lines>
            </method>
            <method name="get_Edition" signature="()" line-rate="1" branch-rate="1" complexity="1">
              <lines>
                <line number="15" hits="1" branch="False" />
              </lines>
            </method>
          </methods>
          <lines>
            <line number="13" hits="2" branch="False" />
            <line number="15" hits="1" branch="False" />
          </lines>
        </class>
        <class name="OrbitaAI.Core.Domain.Entities.Objective" filename="Domain\Entities\Objective.cs" line-rate="1" branch-rate="1" complexity="1">
          <methods>
            <method name="get_OrganizationId" signature="()" line-rate="1" branch-rate="1" complexity="1">
              <lines>
                <line number="12" hits="4" branch="False" />
              </lines>
            </method>
          </methods>
          <lines>
            <line number="12" hits="4" branch="False" />
          </lines>
        </class>
        <class name="OrbitaAI.Core.Domain.Entities.Organization" filename="Domain\Entities\Organization.cs" line-rate="1" branch-rate="1" complexity="1">
          <methods>
            <method name="get_Name" signature="()" line-rate="1" branch-rate="1" complexity="1">
              <lines>
                <line number="12" hits="2" branch="False" />
              </lines>
            </method>
          </methods>
          <lines>
            <line number="12" hits="2" branch="False" />
          </lines>
        </class>
        <class name="OrbitaAI.Core.Domain.Entities.Permission" filename="Domain\Entities\Permission.cs" line-rate="1" branch-rate="1" complexity="2">
          <methods>
            <method name="get_OrganizationId" signature="()" line-rate="1" branch-rate="1" complexity="1">
              <lines>
                <line number="12" hits="2" branch="False" />
              </lines>
            </method>
            <method name="get_UserId" signature="()" line-rate="1" branch-rate="1" complexity="1">
              <lines>
                <line number="14" hits="1" branch="False" />
              </lines>
            </method>
          </methods>
          <lines>
            <line number="12" hits="2" branch="False" />
            <line number="14" hits="1" branch="False" />
          </lines>
        </class>
        <class name="OrbitaAI.Core.Domain.Entities.Product" filename="Domain\Entities\Product.cs" line-rate="1" branch-rate="1" complexity="3">
          <methods>
            <method name="get_OrganizationId" signature="()" line-rate="1" branch-rate="1" complexity="1">
              <lines>
                <line number="12" hits="2" branch="False" />
              </lines>
            </method>
            <method name="get_FamilyId" signature="()" line-rate="1" branch-rate="1" complexity="1">
              <lines>
                <line number="14" hits="1" branch="False" />
              </lines>
            </method>
            <method name="get_Name" signature="()" line-rate="1" branch-rate="1" complexity="1">
              <lines>
                <line number="16" hits="2" branch="False" />
              </lines>
            </method>
          </methods>
          <lines>
            <line number="12" hits="2" branch="False" />
            <line number="14" hits="1" branch="False" />
            <line number="16" hits="2" branch="False" />
          </lines>
        </class>
        <class name="OrbitaAI.Core.Domain.Entities.ProductFamily" filename="Domain\Entities\ProductFamily.cs" line-rate="1" branch-rate="1" complexity="2">
          <methods>
            <method name="get_OrganizationId" signature="()" line-rate="1" branch-rate="1" complexity="1">
              <lines>
                <line number="12" hits="2" branch="False" />
              </lines>
            </method>
            <method name="get_Name" signature="()" line-rate="1" branch-rate="1" complexity="1">
              <lines>
                <line number="14" hits="2" branch="False" />
              </lines>
            </method>
          </methods>
          <lines>
            <line number="12" hits="2" branch="False" />
            <line number="14" hits="2" branch="False" />
          </lines>
        </class>
        <class name="OrbitaAI.Core.Domain.Entities.ProductOwner" filename="Domain\Entities\ProductOwner.cs" line-rate="0" branch-rate="1" complexity="1">
          <methods>
            <method name="get_DisplayName" signature="()" line-rate="0" branch-rate="1" complexity="1">
              <lines>
                <line number="14" hits="0" branch="False" />
              </lines>
            </method>
          </methods>
          <lines>
            <line number="14" hits="0" branch="False" />
          </lines>
        </class>
        <class name="OrbitaAI.Core.Domain.Entities.Report" filename="Domain\Entities\Report.cs" line-rate="1" branch-rate="1" complexity="2">
          <methods>
            <method name="get_OrganizationId" signature="()" line-rate="1" branch-rate="1" complexity="1">
              <lines>
                <line number="13" hits="2" branch="False" />
              </lines>
            </method>
            <method name="get_GeneratedAt" signature="()" line-rate="1" branch-rate="1" complexity="1">
              <lines>
                <line number="15" hits="1" branch="False" />
              </lines>
            </method>
          </methods>
          <lines>
            <line number="13" hits="2" branch="False" />
            <line number="15" hits="1" branch="False" />
          </lines>
        </class>
        <class name="OrbitaAI.Core.Domain.Entities.SalesRepresentative" filename="Domain\Entities\SalesRepresentative.cs" line-rate="0.5" branch-rate="1" complexity="2">
          <methods>
            <method name="get_OrganizationId" signature="()" line-rate="1" branch-rate="1" complexity="1">
              <lines>
                <line number="18" hits="2" branch="False" />
              </lines>
            </method>
            <method name="get_UserId" signature="()" line-rate="0" branch-rate="1" complexity="1">
              <lines>
                <line number="20" hits="0" branch="False" />
              </lines>
            </method>
          </methods>
          <lines>
            <line number="18" hits="2" branch="False" />
            <line number="20" hits="0" branch="False" />
          </lines>
        </class>
        <class name="OrbitaAI.Core.Domain.Entities.User" filename="Domain\Entities\User.cs" line-rate="1" branch-rate="1" complexity="3">
          <methods>
            <method name="get_OrganizationId" signature="()" line-rate="1" branch-rate="1" complexity="1">
              <lines>
                <line number="12" hits="2" branch="False" />
              </lines>
            </method>
            <method name="get_DisplayName" signature="()" line-rate="1" branch-rate="1" complexity="1">
              <lines>
                <line number="14" hits="2" branch="False" />
              </lines>
            </method>
            <method name="get_Role" signature="()" line-rate="1" branch-rate="1" complexity="1">
              <lines>
                <line number="16" hits="1" branch="False" />
              </lines>
            </method>
          </methods>
          <lines>
            <line number="12" hits="2" branch="False" />
            <line number="14" hits="2" branch="False" />
            <line number="16" hits="1" branch="False" />
          </lines>
        </class>
        <class name="OrbitaAI.Core.Common.Sorting.SortDescriptor" filename="Common\Sorting\SortDescriptor.cs" line-rate="0.8571" branch-rate="1" complexity="3">
          <methods>
            <method name="get_PropertyName" signature="()" line-rate="0" branch-rate="1" complexity="1">
              <lines>
                <line number="12" hits="0" branch="False" />
              </lines>
            </method>
            <method name="get_Direction" signature="()" line-rate="1" branch-rate="1" complexity="1">
              <lines>
                <line number="15" hits="2" branch="False" />
              </lines>
            </method>
            <method name=".ctor" signature="(System.String,OrbitaAI.Core.Common.Sorting.SortDirection)" line-rate="1" branch-rate="1" complexity="1">
              <lines>
                <line number="17" hits="4" branch="False" />
                <line number="18" hits="4" branch="False" />
                <line number="19" hits="4" branch="False" />
                <line number="20" hits="2" branch="False" />
                <line number="21" hits="2" branch="False" />
              </lines>
            </method>
          </methods>
          <lines>
            <line number="12" hits="0" branch="False" />
            <line number="15" hits="2" branch="False" />
            <line number="17" hits="4" branch="False" />
            <line number="18" hits="4" branch="False" />
            <line number="19" hits="4" branch="False" />
            <line number="20" hits="2" branch="False" />
            <line number="21" hits="2" branch="False" />
          </lines>
        </class>
        <class name="OrbitaAI.Core.Common.Results.Result" filename="Common\Results\Result.cs" line-rate="0.6666" branch-rate="0.75" complexity="15">
          <methods>
            <method name="get_IsSuccess" signature="()" line-rate="1" branch-rate="1" complexity="1">
              <lines>
                <line number="14" hits="10" branch="False" />
              </lines>
            </method>
            <method name="get_IsFailure" signature="()" line-rate="1" branch-rate="1" complexity="1">
              <lines>
                <line number="17" hits="3" branch="False" />
              </lines>
            </method>
            <method name="get_Error" signature="()" line-rate="1" branch-rate="1" complexity="1">
              <lines>
                <line number="23" hits="2" branch="False" />
              </lines>
            </method>
            <method name="Success" signature="()" line-rate="1" branch-rate="1" complexity="1">
              <lines>
                <line number="42" hits="1" branch="False" />
              </lines>
            </method>
            <method name="Failure" signature="(OrbitaAI.Core.Common.Errors.Error)" line-rate="1" branch-rate="1" complexity="1">
              <lines>
                <line number="45" hits="1" branch="False" />
              </lines>
            </method>
            <method name="Success" signature="(TValue)" line-rate="0" branch-rate="1" complexity="1">
              <lines>
                <line number="48" hits="0" branch="False" />
              </lines>
            </method>
            <method name="Failure" signature="(OrbitaAI.Core.Common.Errors.Error)" line-rate="0" branch-rate="1" complexity="1">
              <lines>
                <line number="51" hits="0" branch="False" />
              </lines>
            </method>
            <method name=".ctor" signature="(System.Boolean,OrbitaAI.Core.Common.Errors.Error)" line-rate="0.6363" branch-rate="0.75" complexity="8">
              <lines>
                <line number="25" hits="5" branch="False" />
                <line number="26" hits="5" branch="False" />
                <line number="27" hits="5" branch="True" condition-coverage="75% (3/4)">
                  <conditions>
                    <condition number="9" type="jump" coverage="100%" />
                    <condition number="27" type="jump" coverage="50%" />
                  </conditions>
                </line>
                <line number="28" hits="0" branch="False" />
                <line number="29" hits="0" branch="False" />
                <line number="32" hits="5" branch="True" condition-coverage="75% (3/4)">
                  <conditions>
                    <condition number="42" type="jump" coverage="100%" />
                    <condition number="60" type="jump" coverage="50%" />
                  </conditions>
                </line>
                <line number="33" hits="0" branch="False" />
                <line number="34" hits="0" branch="False" />
                <line number="37" hits="5" branch="False" />
                <line number="38" hits="5" branch="False" />
                <line number="39" hits="5" branch="False" />
              </lines>
            </method>
          </methods>
          <lines>
            <line number="14" hits="10" branch="False" />
            <line number="17" hits="3" branch="False" />
            <line number="23" hits="2" branch="False" />
            <line number="42" hits="1" branch="False" />
            <line number="45" hits="1" branch="False" />
            <line number="48" hits="0" branch="False" />
            <line number="51" hits="0" branch="False" />
            <line number="25" hits="5" branch="False" />
            <line number="26" hits="5" branch="False" />
            <line number="27" hits="5" branch="True" condition-coverage="75% (3/4)">
              <conditions>
                <condition number="9" type="jump" coverage="100%" />
                <condition number="27" type="jump" coverage="50%" />
              </conditions>
            </line>
            <line number="28" hits="0" branch="False" />
            <line number="29" hits="0" branch="False" />
            <line number="32" hits="5" branch="True" condition-coverage="75% (3/4)">
              <conditions>
                <condition number="42" type="jump" coverage="100%" />
                <condition number="60" type="jump" coverage="50%" />
              </conditions>
            </line>
            <line number="33" hits="0" branch="False" />
            <line number="34" hits="0" branch="False" />
            <line number="37" hits="5" branch="False" />
            <line number="38" hits="5" branch="False" />
            <line number="39" hits="5" branch="False" />
          </lines>
        </class>
        <class name="OrbitaAI.Core.Common.Results.Result`1" filename="Common\Results\Result.cs" line-rate="1" branch-rate="1" complexity="6">
          <methods>
            <method name="get_Value" signature="()" line-rate="1" branch-rate="1" complexity="2">
              <lines>
                <line number="74" hits="3" branch="True" condition-coverage="100% (2/2)">
                  <conditions>
                    <condition number="6" type="jump" coverage="100%" />
                  </conditions>
                </line>
                <line number="75" hits="3" branch="False" />
                <line number="76" hits="3" branch="False" />
              </lines>
            </method>
            <method name="Success" signature="(TValue)" line-rate="1" branch-rate="1" complexity="1">
              <lines>
                <line number="79" hits="2" branch="False" />
              </lines>
            </method>
            <method name="Failure" signature="(OrbitaAI.Core.Common.Errors.Error)" line-rate="1" branch-rate="1" complexity="1">
              <lines>
                <line number="82" hits="1" branch="False" />
              </lines>
            </method>
            <method name="op_Implicit" signature="(TValue)" line-rate="1" branch-rate="1" complexity="1">
              <lines>
                <line number="85" hits="1" branch="False" />
              </lines>
            </method>
            <method name=".ctor" signature="(TValue,System.Boolean,OrbitaAI.Core.Common.Errors.Error)" line-rate="1" branch-rate="1" complexity="1">
              <lines>
                <line number="64" hits="3" branch="False" />
                <line number="65" hits="3" branch="False" />
                <line number="66" hits="3" branch="False" />
                <line number="67" hits="3" branch="False" />
              </lines>
            </method>
          </methods>
          <lines>
            <line number="74" hits="3" branch="True" condition-coverage="100% (2/2)">
              <conditions>
                <condition number="6" type="jump" coverage="100%" />
              </conditions>
            </line>
            <line number="75" hits="3" branch="False" />
            <line number="76" hits="3" branch="False" />
            <line number="79" hits="2" branch="False" />
            <line number="82" hits="1" branch="False" />
            <line number="85" hits="1" branch="False" />
            <line number="64" hits="3" branch="False" />
            <line number="65" hits="3" branch="False" />
            <line number="66" hits="3" branch="False" />
            <line number="67" hits="3" branch="False" />
          </lines>
        </class>
        <class name="OrbitaAI.Core.Common.Pagination.PagedResult`1" filename="Common\Pagination\PagedResult.cs" line-rate="1" branch-rate="0.5" complexity="10">
          <methods>
            <method name="get_Items" signature="()" line-rate="1" branch-rate="1" complexity="1">
              <lines>
                <line number="13" hits="1" branch="False" />
              </lines>
            </method>
            <method name="get_PageNumber" signature="()" line-rate="1" branch-rate="1" complexity="1">
              <lines>
                <line number="16" hits="4" branch="False" />
              </lines>
            </method>
            <method name="get_PageSize" signature="()" line-rate="1" branch-rate="1" complexity="1">
              <lines>
                <line number="19" hits="6" branch="False" />
              </lines>
            </method>
            <method name="get_TotalCount" signature="()" line-rate="1" branch-rate="1" complexity="1">
              <lines>
                <line number="22" hits="4" branch="False" />
              </lines>
            </method>
            <method name="get_TotalPages" signature="()" line-rate="1" branch-rate="0.5" complexity="2">
              <lines>
                <line number="25" hits="3" branch="True" condition-coverage="50% (1/2)">
                  <conditions>
                    <condition number="6" type="jump" coverage="50%" />
                  </conditions>
                </line>
              </lines>
            </method>
            <method name="get_HasPreviousPage" signature="()" line-rate="1" branch-rate="1" complexity="1">
              <lines>
                <line number="28" hits="2" branch="False" />
              </lines>
            </method>
            <method name="get_HasNextPage" signature="()" line-rate="1" branch-rate="1" complexity="1">
              <lines>
                <line number="31" hits="2" branch="False" />
              </lines>
            </method>
            <method name="Empty" signature="(OrbitaAI.Core.Common.Pagination.PaginationRequest)" line-rate="1" branch-rate="1" complexity="1">
              <lines>
                <line number="43" hits="1" branch="False" />
              </lines>
            </method>
            <method name=".ctor" signature="(System.Collections.Generic.IReadOnlyCollection`1&lt;TItem&gt;,System.Int32,System.Int32,System.Int32)" line-rate="1" branch-rate="1" complexity="1">
              <lines>
                <line number="33" hits="5" branch="False" />
                <line number="34" hits="5" branch="False" />
                <line number="35" hits="5" branch="False" />
                <line number="36" hits="5" branch="False" />
                <line number="37" hits="5" branch="False" />
                <line number="38" hits="5" branch="False" />
                <line number="39" hits="5" branch="False" />
              </lines>
            </method>
          </methods>
          <lines>
            <line number="13" hits="1" branch="False" />
            <line number="16" hits="4" branch="False" />
            <line number="19" hits="6" branch="False" />
            <line number="22" hits="4" branch="False" />
            <line number="25" hits="3" branch="True" condition-coverage="50% (1/2)">
              <conditions>
                <condition number="6" type="jump" coverage="50%" />
              </conditions>
            </line>
            <line number="28" hits="2" branch="False" />
            <line number="31" hits="2" branch="False" />
            <line number="43" hits="1" branch="False" />
            <line number="33" hits="5" branch="False" />
            <line number="34" hits="5" branch="False" />
            <line number="35" hits="5" branch="False" />
            <line number="36" hits="5" branch="False" />
            <line number="37" hits="5" branch="False" />
            <line number="38" hits="5" branch="False" />
            <line number="39" hits="5" branch="False" />
          </lines>
        </class>
        <class name="OrbitaAI.Core.Common.Pagination.PaginationRequest" filename="Common\Pagination\PaginationRequest.cs" line-rate="1" branch-rate="1" complexity="4">
          <methods>
            <method name="get_PageNumber" signature="()" line-rate="1" branch-rate="1" complexity="1">
              <lines>
                <line number="12" hits="2" branch="False" />
              </lines>
            </method>
            <method name="get_PageSize" signature="()" line-rate="1" branch-rate="1" complexity="1">
              <lines>
                <line number="15" hits="2" branch="False" />
              </lines>
            </method>
[...]
                  </conditions>
                </line>
                <line number="48" hits="1" branch="False" />
                <line number="49" hits="1" branch="False" />
                <line number="52" hits="1" branch="False" />
                <line number="53" hits="1" branch="False" />
              </lines>
            </method>
            <method name="Negative" signature="(System.Int32,System.String)" line-rate="1" branch-rate="1" complexity="2">
              <lines>
                <line number="57" hits="8" branch="False" />
                <line number="58" hits="8" branch="True" condition-coverage="100% (2/2)">
                  <conditions>
                    <condition number="7" type="jump" coverage="100%" />
                  </conditions>
                </line>
                <line number="59" hits="1" branch="False" />
                <line number="60" hits="1" branch="False" />
                <line number="63" hits="7" branch="False" />
                <line number="64" hits="7" branch="False" />
              </lines>
            </method>
            <method name="NegativeOrZero" signature="(System.Int32,System.String)" line-rate="1" branch-rate="1" complexity="2">
              <lines>
                <line number="68" hits="18" branch="False" />
                <line number="69" hits="18" branch="True" condition-coverage="100% (2/2)">
                  <conditions>
                    <condition number="10" type="jump" coverage="100%" />
                  </conditions>
                </line>
                <line number="70" hits="5" branch="False" />
                <line number="71" hits="5" branch="False" />
                <line number="74" hits="13" branch="False" />
                <line number="75" hits="13" branch="False" />
              </lines>
            </method>
            <method name="OutOfRange" signature="(System.Int32,System.Int32,System.Int32,System.String)" line-rate="1" branch-rate="1" complexity="4">
              <lines>
                <line number="79" hits="3" branch="False" />
                <line number="80" hits="3" branch="True" condition-coverage="100% (4/4)">
                  <conditions>
                    <condition number="3" type="jump" coverage="100%" />
                    <condition number="14" type="jump" coverage="100%" />
                  </conditions>
                </line>
                <line number="81" hits="2" branch="False" />
                <line number="82" hits="2" branch="False" />
                <line number="85" hits="1" branch="False" />
                <line number="86" hits="1" branch="False" />
              </lines>
            </method>
            <method name="OutOfEnum" signature="(TEnum,System.String)" line-rate="1" branch-rate="1" complexity="2">
              <lines>
                <line number="90" hits="6" branch="False" />
                <line number="91" hits="6" branch="True" condition-coverage="100% (2/2)">
                  <conditions>
                    <condition number="12" type="jump" coverage="100%" />
                  </conditions>
                </line>
                <line number="92" hits="1" branch="False" />
                <line number="93" hits="1" branch="False" />
                <line number="96" hits="5" branch="False" />
                <line number="97" hits="5" branch="False" />
              </lines>
            </method>
          </methods>
          <lines>
            <line number="16" hits="32" branch="True" condition-coverage="100% (2/2)">
              <conditions>
                <condition number="7" type="jump" coverage="100%" />
              </conditions>
            </line>
            <line number="20" hits="0" branch="True" condition-coverage="0% (0/2)">
              <conditions>
                <condition number="9" type="jump" coverage="0%" />
              </conditions>
            </line>
            <line number="24" hits="3" branch="False" />
            <line number="25" hits="3" branch="True" condition-coverage="100% (2/2)">
              <conditions>
                <condition number="9" type="jump" coverage="100%" />
              </conditions>
            </line>
            <line number="26" hits="2" branch="False" />
            <line number="27" hits="2" branch="False" />
            <line number="30" hits="1" branch="False" />
            <line number="31" hits="1" branch="False" />
            <line number="35" hits="11" branch="False" />
            <line number="36" hits="11" branch="True" condition-coverage="100% (2/2)">
              <conditions>
                <condition number="9" type="jump" coverage="100%" />
              </conditions>
            </line>
            <line number="37" hits="7" branch="False" />
            <line number="38" hits="7" branch="False" />
            <line number="41" hits="4" branch="False" />
            <line number="42" hits="4" branch="False" />
            <line number="46" hits="2" branch="False" />
            <line number="47" hits="2" branch="True" condition-coverage="100% (2/2)">
              <conditions>
                <condition number="14" type="jump" coverage="100%" />
              </conditions>
            </line>
            <line number="48" hits="1" branch="False" />
            <line number="49" hits="1" branch="False" />
            <line number="52" hits="1" branch="False" />
            <line number="53" hits="1" branch="False" />
            <line number="57" hits="8" branch="False" />
            <line number="58" hits="8" branch="True" condition-coverage="100% (2/2)">
              <conditions>
                <condition number="7" type="jump" coverage="100%" />
              </conditions>
            </line>
            <line number="59" hits="1" branch="False" />
            <line number="60" hits="1" branch="False" />
            <line number="63" hits="7" branch="False" />
            <line number="64" hits="7" branch="False" />
            <line number="68" hits="18" branch="False" />
            <line number="69" hits="18" branch="True" condition-coverage="100% (2/2)">
              <conditions>
                <condition number="10" type="jump" coverage="100%" />
              </conditions>
            </line>
            <line number="70" hits="5" branch="False" />
            <line number="71" hits="5" branch="False" />
            <line number="74" hits="13" branch="False" />
            <line number="75" hits="13" branch="False" />
            <line number="79" hits="3" branch="False" />
            <line number="80" hits="3" branch="True" condition-coverage="100% (4/4)">
              <conditions>
                <condition number="3" type="jump" coverage="100%" />
                <condition number="14" type="jump" coverage="100%" />
              </conditions>
            </line>
            <line number="81" hits="2" branch="False" />
            <line number="82" hits="2" branch="False" />
            <line number="85" hits="1" branch="False" />
            <line number="86" hits="1" branch="False" />
            <line number="90" hits="6" branch="False" />
            <line number="91" hits="6" branch="True" condition-coverage="100% (2/2)">
              <conditions>
                <condition number="12" type="jump" coverage="100%" />
              </conditions>
            </line>
            <line number="92" hits="1" branch="False" />
            <line number="93" hits="1" branch="False" />
            <line number="96" hits="5" branch="False" />
            <line number="97" hits="5" branch="False" />
          </lines>
        </class>
        <class name="OrbitaAI.Core.Common.Filtering.FilterDescriptor" filename="Common\Filtering\FilterDescriptor.cs" line-rate="1" branch-rate="1" complexity="4">
          <methods>
            <method name="get_PropertyName" signature="()" line-rate="1" branch-rate="1" complexity="1">
              <lines>
                <line number="12" hits="1" branch="False" />
              </lines>
            </method>
            <method name="get_Operator" signature="()" line-rate="1" branch-rate="1" complexity="1">
              <lines>
                <line number="15" hits="1" branch="False" />
              </lines>
            </method>
            <method name="get_Value" signature="()" line-rate="1" branch-rate="1" complexity="1">
              <lines>
                <line number="18" hits="2" branch="False" />
              </lines>
            </method>
            <method name=".ctor" signature="(System.String,OrbitaAI.Core.Common.Filtering.FilterOperator,System.Object)" line-rate="1" branch-rate="1" complexity="1">
              <lines>
                <line number="20" hits="4" branch="False" />
                <line number="21" hits="4" branch="False" />
                <line number="22" hits="4" branch="False" />
                <line number="23" hits="2" branch="False" />
                <line number="24" hits="2" branch="False" />
                <line number="25" hits="2" branch="False" />
              </lines>
            </method>
          </methods>
          <lines>
            <line number="12" hits="1" branch="False" />
            <line number="15" hits="1" branch="False" />
            <line number="18" hits="2" branch="False" />
            <line number="20" hits="4" branch="False" />
            <line number="21" hits="4" branch="False" />
            <line number="22" hits="4" branch="False" />
            <line number="23" hits="2" branch="False" />
            <line number="24" hits="2" branch="False" />
            <line number="25" hits="2" branch="False" />
          </lines>
        </class>
        <class name="OrbitaAI.Core.Common.Errors.Error" filename="Common\Errors\Error.cs" line-rate="0.7222" branch-rate="0.75" complexity="15">
          <methods>
            <method name="get_Code" signature="()" line-rate="0" branch-rate="1" complexity="1">
              <lines>
                <line number="15" hits="0" branch="False" />
              </lines>
            </method>
            <method name="get_Message" signature="()" line-rate="1" branch-rate="1" complexity="1">
              <lines>
                <line number="16" hits="2" branch="False" />
              </lines>
            </method>
            <method name="get_Type" signature="()" line-rate="1" branch-rate="1" complexity="1">
              <lines>
                <line number="17" hits="1" branch="False" />
              </lines>
            </method>
            <method name="get_ValidationErrors" signature="()" line-rate="1" branch-rate="1" complexity="1">
              <lines>
                <line number="18" hits="5" branch="False" />
              </lines>
            </method>
            <method name="Failure" signature="(System.String,System.String)" line-rate="1" branch-rate="1" complexity="1">
              <lines>
                <line number="24" hits="2" branch="False" />
              </lines>
            </method>
            <method name="NotFound" signature="(System.String,System.String)" line-rate="0" branch-rate="1" complexity="1">
              <lines>
                <line number="27" hits="0" branch="False" />
              </lines>
            </method>
            <method name="Conflict" signature="(System.String,System.String)" line-rate="0" branch-rate="1" complexity="1">
              <lines>
                <line number="30" hits="0" branch="False" />
              </lines>
            </method>
            <method name="Unauthorized" signature="(System.String,System.String)" line-rate="0" branch-rate="1" complexity="1">
              <lines>
                <line number="33" hits="0" branch="False" />
              </lines>
            </method>
            <method name="Forbidden" signature="(System.String,System.String)" line-rate="0" branch-rate="1" complexity="1">
              <lines>
                <line number="36" hits="0" branch="False" />
              </lines>
            </method>
            <method name="Validation" signature="(System.Collections.Generic.IReadOnlyCollection`1&lt;OrbitaAI.Core.Common.Errors.ValidationError&gt;)" line-rate="1" branch-rate="0.75" complexity="4">
              <lines>
                <line number="43" hits="2" branch="False" />
                <line number="44" hits="2" branch="True" condition-coverage="75% (3/4)">
                  <conditions>
                    <condition number="2" type="jump" coverage="50%" />
                    <condition number="18" type="jump" coverage="100%" />
                  </conditions>
                </line>
                <line number="45" hits="1" branch="False" />
                <line number="46" hits="1" branch="False" />
                <line number="49" hits="3" branch="False" />
                <line number="50" hits="1" branch="False" />
                <line number="51" hits="1" branch="False" />
              </lines>
            </method>
            <method name=".ctor" signature="(System.String,System.String,OrbitaAI.Core.Common.Errors.ErrorType,System.Collections.Generic.IReadOnlyCollection`1&lt;OrbitaAI.Core.Common.Errors.ValidationError&gt;)" line-rate="1" branch-rate="1" complexity="1">
              <lines>
                <line number="14" hits="4" branch="False" />
              </lines>
            </method>
            <method name=".cctor" signature="()" line-rate="1" branch-rate="1" complexity="1">
              <lines>
                <line number="21" hits="1" branch="False" />
              </lines>
            </method>
          </methods>
          <lines>
            <line number="15" hits="0" branch="False" />
            <line number="16" hits="2" branch="False" />
            <line number="17" hits="1" branch="False" />
            <line number="18" hits="5" branch="False" />
            <line number="24" hits="2" branch="False" />
            <line number="27" hits="0" branch="False" />
            <line number="30" hits="0" branch="False" />
            <line number="33" hits="0" branch="False" />
            <line number="36" hits="0" branch="False" />
            <line number="43" hits="2" branch="False" />
            <line number="44" hits="2" branch="True" condition-coverage="75% (3/4)">
              <conditions>
                <condition number="2" type="jump" coverage="50%" />
                <condition number="18" type="jump" coverage="100%" />
              </conditions>
            </line>
            <line number="45" hits="1" branch="False" />
            <line number="46" hits="1" branch="False" />
            <line number="49" hits="3" branch="False" />
            <line number="50" hits="1" branch="False" />
            <line number="51" hits="1" branch="False" />
            <line number="14" hits="4" branch="False" />
            <line number="21" hits="1" branch="False" />
          </lines>
        </class>
        <class name="OrbitaAI.Core.Common.Errors.ValidationError" filename="Common\Errors\ValidationError.cs" line-rate="1" branch-rate="1" complexity="1">
          <methods>
            <method name="get_PropertyName" signature="()" line-rate="1" branch-rate="1" complexity="1">
              <lines>
                <line number="10" hits="6" branch="False" />
              </lines>
            </method>
          </methods>
          <lines>
            <line number="10" hits="6" branch="False" />
          </lines>
        </class>
        <class name="OrbitaAI.Core.Application.Contracts.AuditEntry" filename="Application\Contracts\AuditEntry.cs" line-rate="0.7142000000000001" branch-rate="1" complexity="7">
          <methods>
            <method name="get_OrganizationId" signature="()" line-rate="1" branch-rate="1" complexity="1">
              <lines>
                <line number="15" hits="1" branch="False" />
              </lines>
            </method>
            <method name="get_UserId" signature="()" line-rate="1" branch-rate="1" complexity="1">
              <lines>
                <line number="16" hits="1" branch="False" />
              </lines>
            </method>
            <method name="get_Action" signature="()" line-rate="1" branch-rate="1" complexity="1">
              <lines>
                <line number="17" hits="1" branch="False" />
              </lines>
            </method>
            <method name="get_EntityType" signature="()" line-rate="0" branch-rate="1" complexity="1">
              <lines>
                <line number="18" hits="0" branch="False" />
              </lines>
            </method>
            <method name="get_EntityId" signature="()" line-rate="0" branch-rate="1" complexity="1">
              <lines>
                <line number="19" hits="0" branch="False" />
              </lines>
            </method>
            <method name="get_OccurredAt" signature="()" line-rate="1" branch-rate="1" complexity="1">
              <lines>
                <line number="20" hits="2" branch="False" />
              </lines>
            </method>
            <method name=".ctor" signature="(System.Guid,System.Guid,System.String,System.String,System.String,System.DateTimeOffset)" line-rate="1" branch-rate="1" complexity="1">
              <lines>
                <line number="14" hits="1" branch="False" />
              </lines>
            </method>
          </methods>
          <lines>
            <line number="15" hits="1" branch="False" />
            <line number="16" hits="1" branch="False" />
            <line number="17" hits="1" branch="False" />
            <line number="18" hits="0" branch="False" />
            <line number="19" hits="0" branch="False" />
            <line number="20" hits="2" branch="False" />
            <line number="14" hits="1" branch="False" />
          </lines>
        </class>
      </classes>
    </package>
    <package name="OrbitaAI.Modules.Administration" line-rate="1" branch-rate="1" complexity="0">
      <classes />
    </package>
    <package name="OrbitaAI.Modules.AnalyticsEngine" line-rate="1" branch-rate="1" complexity="0">
      <classes />
    </package>
    <package name="OrbitaAI.Modules.Audit" line-rate="1" branch-rate="1" complexity="0">
      <classes />
    </package>
    <package name="OrbitaAI.Modules.Dashboard" line-rate="1" branch-rate="1" complexity="0">
      <classes />
    </package>
    <package name="OrbitaAI.Modules.ExportEngine" line-rate="1" branch-rate="1" complexity="0">
      <classes />
    </package>
    <package name="OrbitaAI.Modules.ForecastEngine" line-rate="1" branch-rate="1" complexity="0">
      <classes />
    </package>
    <package name="OrbitaAI.Modules.History" line-rate="1" branch-rate="1" complexity="0">
      <classes />
    </package>
    <package name="OrbitaAI.Modules.ImportEngine" line-rate="1" branch-rate="1" complexity="0">
      <classes />
    </package>
    <package name="OrbitaAI.Modules.Licensing" line-rate="1" branch-rate="1" complexity="0">
      <classes />
    </package>
    <package name="OrbitaAI.Modules.NotificationCenter" line-rate="1" branch-rate="1" complexity="0">
      <classes />
    </package>
    <package name="OrbitaAI.Modules.Orion" line-rate="1" branch-rate="1" complexity="0">
      <classes />
    </package>
    <package name="OrbitaAI.Modules.PluginSystem" line-rate="1" branch-rate="1" complexity="0">
      <classes />
    </package>
    <package name="OrbitaAI.Modules.ReportingEngine" line-rate="1" branch-rate="1" complexity="0">
      <classes />
    </package>
    <package name="OrbitaAI.Modules.Security" line-rate="1" branch-rate="1" complexity="0">
      <classes />
    </package>
    <package name="OrbitaAI.Modules.Settings" line-rate="1" branch-rate="1" complexity="0">
      <classes />
    </package>
    <package name="OrbitaAI.Modules.UpdateManager" line-rate="1" branch-rate="1" complexity="0">
      <classes />
    </package>
  </packages>
</coverage>